Buildfile: D:\my_data\git\cmpe275-project1\core-netty-4.0\build.xml

init:

clean:
   [delete] Deleting directory D:\my_data\git\cmpe275-project1\core-netty-4.0\classes
     [echo] Note: protobuf generated .java are not removed. Changes to data.proto require build_pb.sh

build:
    [mkdir] Created dir: D:\my_data\git\cmpe275-project1\core-netty-4.0\classes
    [javac] D:\my_data\git\cmpe275-project1\core-netty-4.0\build.xml:32: warning: 'includeantruntime' was not set, defaulting to build.sysclasspath=last; set to false for repeatable builds
    [javac] Compiling 1 source file to D:\my_data\git\cmpe275-project1\core-netty-4.0\classes
    [javac] D:\my_data\git\cmpe275-project1\core-netty-4.0\build.xml:37: warning: 'includeantruntime' was not set, defaulting to build.sysclasspath=last; set to false for repeatable builds
    [javac] Compiling 59 source files to D:\my_data\git\cmpe275-project1\core-netty-4.0\classes
    [javac] Note: D:\my_data\git\cmpe275-project1\core-netty-4.0\src\poke\server\storage\MongoStorage.java uses unchecked or unsafe operations.
    [javac] Note: Recompile with -Xlint:unchecked for details.

server:
     [java] [main] INFO server - Initializing server 3
     [java] [main] INFO management - Expects to connect to node 0 (localhost, 5670)
     [java] [main] INFO management - Expects to connect to node 1 (localhost, 5671)
     [java] [main] INFO management - Expects to connect to node 2 (localhost, 5672)
     [java] [Thread-1] INFO management - HB connection monitor starting, node has 3 connections
     [java] [Thread-0] INFO management - starting HB manager
     [java] [main] INFO server - Server 3, managers initialized
     [java] [main] INFO server - Server 3 ready
     [java] [Thread-7] INFO server - Starting mgmt 3, listening on port = 5673
     [java] [Thread-8] INFO server - Starting server 3, listening on port = 5573
     [java] [Thread-7] INFO server - remote address null
     [java] [Thread-7] INFO management - starting Election manager
     [java] [Thread-7] INFO management - my Id---3neighbour0
     [java] [Thread-7] INFO management - my Id---3neighbour1
     [java] [Thread-7] INFO management - my Id---3neighbour2
     [java] [Thread-7] INFO management - connect successful
     [java] [Thread-7] INFO management - Co-ordinator message (3) sent to localhost at 5670
     [java] [Thread-7] INFO management - connect successful
     [java] [Thread-7] INFO management - Co-ordinator message (3) sent to localhost at 5671
     [java] [nioEventLoopGroup-8-2] INFO management - ---> management got a message
     [java] [nioEventLoopGroup-8-1] INFO management - ---> management got a message
     [java] [Thread-7] INFO management - connect successful
     [java] [Thread-7] INFO management - Co-ordinator message (3) sent to localhost at 5672
     [java] [inbound-mgmt-1] INFO management - Network: node 'mgmt-3.6' sent a NODEJOIN
     [java] [inbound-mgmt-1] INFO management - NODEJOIN: 127.0.0.1, 5673
     [java] [inbound-mgmt-1] INFO management - Network: node 'mgmt-3.6' sent a NODEJOIN
     [java] [inbound-mgmt-1] INFO management - NODEJOIN: 127.0.0.1, 5673
     [java] [nioEventLoopGroup-8-3] INFO management - ---> management got a message
     [java] [inbound-mgmt-1] INFO management - Network: node 'mgmt-3.6' sent a NODEJOIN
     [java] [inbound-mgmt-1] INFO management - NODEJOIN: 127.0.0.1, 5673
     [java] [Thread-1] INFO management - attempting to connect to node: localhost:5670
     [java] [Thread-1] INFO mgmt - sending mgmt join message
     [java] [Thread-1] INFO mgmt - join message sent
     [java] [Thread-1] INFO management - attempting to connect to node: localhost:5671
     [java] [Thread-1] INFO mgmt - sending mgmt join message
     [java] [Thread-1] INFO mgmt - join message sent
     [java] [Thread-1] INFO management - attempting to connect to node: localhost:5672
     [java] [Thread-1] INFO mgmt - sending mgmt join message
     [java] [Thread-1] INFO mgmt - join message sent
     [java] [nioEventLoopGroup-3-1] INFO management - Received HB response from 1
     [java] [nioEventLoopGroup-2-1] INFO management - Received HB response from 0
     [java] [nioEventLoopGroup-4-1] INFO management - Received HB response from 2
     [java] [Thread-0] INFO management - sending heartbeat
     [java] [Thread-0] INFO management - sending heartbeat
     [java] [Thread-0] INFO management - sending heartbeat
     [java] [nioEventLoopGroup-3-1] INFO management - Received HB response from 1
     [java] [nioEventLoopGroup-2-1] INFO management - Received HB response from 0
     [java] [nioEventLoopGroup-4-1] INFO management - Received HB response from 2
     [java] [Thread-0] INFO management - sending heartbeat
     [java] [Thread-0] INFO management - sending heartbeat
     [java] [Thread-0] INFO management - sending heartbeat
     [java] [nioEventLoopGroup-3-1] INFO management - Received HB response from 1
     [java] [nioEventLoopGroup-2-1] INFO management - Received HB response from 0
     [java] [nioEventLoopGroup-4-1] INFO management - Received HB response from 2
     [java] [Thread-0] INFO management - sending heartbeat
     [java] [Thread-0] INFO management - sending heartbeat
     [java] [Thread-0] INFO management - sending heartbeat
     [java] [nioEventLoopGroup-3-1] INFO management - Received HB response from 1
     [java] [nioEventLoopGroup-2-1] INFO management - Received HB response from 0
     [java] [nioEventLoopGroup-4-1] INFO management - Received HB response from 2
     [java] [Thread-0] INFO management - sending heartbeat
     [java] [Thread-0] INFO management - sending heartbeat
     [java] [Thread-0] INFO management - sending heartbeat
     [java] [nioEventLoopGroup-3-1] INFO management - Received HB response from 1
     [java] [nioEventLoopGroup-2-1] INFO management - Received HB response from 0
     [java] [nioEventLoopGroup-4-1] INFO management - Received HB response from 2
     [java] [Thread-0] INFO management - sending heartbeat
     [java] [Thread-0] INFO management - sending heartbeat
     [java] [Thread-0] INFO management - sending heartbeat
     [java] [nioEventLoopGroup-3-1] INFO management - Received HB response from 1
     [java] [nioEventLoopGroup-2-1] INFO management - Received HB response from 0
     [java] [nioEventLoopGroup-4-1] INFO management - Received HB response from 2
     [java] [Thread-0] INFO management - sending heartbeat
     [java] [Thread-0] INFO management - sending heartbeat
     [java] [Thread-0] INFO management - sending heartbeat
     [java] [nioEventLoopGroup-3-1] INFO management - Received HB response from 1
     [java] [nioEventLoopGroup-2-1] INFO management - Received HB response from 0
     [java] [nioEventLoopGroup-4-1] INFO management - Received HB response from 2
     [java] [Thread-0] INFO management - sending heartbeat
     [java] [Thread-0] INFO management - sending heartbeat
     [java] [Thread-0] INFO management - sending heartbeat
     [java] [nioEventLoopGroup-3-1] INFO management - Received HB response from 1
     [java] [nioEventLoopGroup-2-1] INFO management - Received HB response from 0
     [java] [nioEventLoopGroup-4-1] INFO management - Received HB response from 2
     [java] [Thread-0] INFO management - sending heartbeat
     [java] [Thread-0] INFO management - sending heartbeat
     [java] [Thread-0] INFO management - sending heartbeat
     [java] [nioEventLoopGroup-3-1] INFO management - Received HB response from 1
     [java] [nioEventLoopGroup-2-1] INFO management - Received HB response from 0
     [java] [nioEventLoopGroup-4-1] INFO management - Received HB response from 2
     [java] [Thread-0] INFO management - sending heartbeat
     [java] [Thread-0] INFO management - sending heartbeat
     [java] [Thread-0] INFO management - sending heartbeat
     [java] [nioEventLoopGroup-3-1] INFO management - Received HB response from 1
     [java] [nioEventLoopGroup-2-1] INFO management - Received HB response from 0
     [java] [nioEventLoopGroup-4-1] INFO management - Received HB response from 2
     [java] [Thread-0] INFO management - sending heartbeat
     [java] [Thread-0] INFO management - sending heartbeat
     [java] [Thread-0] INFO management - sending heartbeat
     [java] [nioEventLoopGroup-3-1] INFO management - Received HB response from 1
     [java] [nioEventLoopGroup-2-1] INFO management - Received HB response from 0
     [java] [nioEventLoopGroup-4-1] INFO management - Received HB response from 2
     [java] [Thread-0] INFO management - sending heartbeat
     [java] [Thread-0] INFO management - sending heartbeat
     [java] [Thread-0] INFO management - sending heartbeat
     [java] [nioEventLoopGroup-3-1] INFO management - Received HB response from 1
     [java] [nioEventLoopGroup-2-1] INFO management - Received HB response from 0
     [java] [nioEventLoopGroup-4-1] INFO management - Received HB response from 2
     [java] [Thread-0] INFO management - sending heartbeat
     [java] [Thread-0] INFO management - sending heartbeat
     [java] [Thread-0] INFO management - sending heartbeat
     [java] [nioEventLoopGroup-3-1] INFO management - Received HB response from 1
     [java] [nioEventLoopGroup-2-1] INFO management - Received HB response from 0
     [java] [nioEventLoopGroup-4-1] INFO management - Received HB response from 2
     [java] [Thread-0] INFO management - sending heartbeat
     [java] [Thread-0] INFO management - sending heartbeat
     [java] [Thread-0] INFO management - sending heartbeat
     [java] [nioEventLoopGroup-3-1] INFO management - Received HB response from 1
     [java] [nioEventLoopGroup-2-1] INFO management - Received HB response from 0
     [java] [nioEventLoopGroup-4-1] INFO management - Received HB response from 2
     [java] [Thread-0] INFO management - sending heartbeat
     [java] [Thread-0] INFO management - sending heartbeat
     [java] [Thread-0] INFO management - sending heartbeat
     [java] [nioEventLoopGroup-3-1] INFO management - Received HB response from 1
     [java] [nioEventLoopGroup-2-1] INFO management - Received HB response from 0
     [java] [nioEventLoopGroup-4-1] INFO management - Received HB response from 2
     [java] [Thread-0] INFO management - sending heartbeat
     [java] [Thread-0] INFO management - sending heartbeat
     [java] [Thread-0] INFO management - sending heartbeat
     [java] [nioEventLoopGroup-7-1] INFO server - ---> server got a message
     [java] [inbound-1] INFO server - Job: 1396769188952
     [java] [inbound-1] INFO server - 
     [java] **********
     [java]  LEADER RECEIVED NEW JOB REQUEST
     [java] 
     [java] **********
     [java] [inbound-1] INFO server - 
     [java] **********
     [java]  CREATING A JOB PROPOSAL
     [java] 
     [java] **********
     [java] [inbound-1] INFO server - destination host & port localhost& 5670
     [java] [inbound-1] INFO server - connect successful
     [java] [inbound-1] INFO server - destination host & port localhost& 5671
     [java] [inbound-1] INFO server - connect successful
     [java] [inbound-1] INFO server - destination host & port localhost& 5672
     [java] [nioEventLoopGroup-8-4] INFO management - ---> management got a message
     [java] [inbound-mgmt-1] INFO management - 
     [java] **********
     [java] RECEIVED NEW JOB BID
     [java] 
     [java] **********
     [java] [inbound-1] INFO server - connect successful
     [java] [nioEventLoopGroup-8-5] INFO management - ---> management got a message
     [java] [nioEventLoopGroup-8-6] INFO management - ---> management got a message
     [java] [inbound-mgmt-1] INFO management - connect successful
     [java] [inbound-mgmt-1] INFO management - 
     [java] **********
     [java] RECEIVED NEW JOB BID
     [java] 
     [java] **********
     [java] [inbound-mgmt-1] INFO management - 
     [java] **********
     [java] RECEIVED NEW JOB BID
     [java] 
     [java] **********
     [java] [nioEventLoopGroup-15-1] ERROR management - Unexpected exception from downstream.
     [java] io.netty.handler.codec.DecoderException: com.google.protobuf.InvalidProtocolBufferException: Message missing required fields: graph.node_id, graph.action, beat.node_id, beat.time_ref
     [java] 	at io.netty.handler.codec.MessageToMessageDecoder.channelRead(MessageToMessageDecoder.java:99)
     [java] 	at io.netty.channel.DefaultChannelHandlerContext.invokeChannelRead(DefaultChannelHandlerContext.java:338)
     [java] 	at io.netty.channel.DefaultChannelHandlerContext.fireChannelRead(DefaultChannelHandlerContext.java:324)
     [java] 	at io.netty.handler.codec.ByteToMessageDecoder.channelRead(ByteToMessageDecoder.java:153)
     [java] 	at io.netty.channel.DefaultChannelHandlerContext.invokeChannelRead(DefaultChannelHandlerContext.java:338)
     [java] 	at io.netty.channel.DefaultChannelHandlerContext.fireChannelRead(DefaultChannelHandlerContext.java:324)
     [java] 	at io.netty.channel.DefaultChannelPipeline.fireChannelRead(DefaultChannelPipeline.java:785)
     [java] 	at io.netty.channel.nio.AbstractNioByteChannel$NioByteUnsafe.read(AbstractNioByteChannel.java:132)
     [java] 	at io.netty.channel.nio.NioEventLoop.processSelectedKey(NioEventLoop.java:485)
     [java] 	at io.netty.channel.nio.NioEventLoop.processSelectedKeysOptimized(NioEventLoop.java:452)
     [java] 	at io.netty.channel.nio.NioEventLoop.run(NioEventLoop.java:346)
     [java] 	at io.netty.util.concurrent.SingleThreadEventExecutor$2.run(SingleThreadEventExecutor.java:101)
     [java] 	at java.lang.Thread.run(Thread.java:744)
     [java] Caused by: com.google.protobuf.InvalidProtocolBufferException: Message missing required fields: graph.node_id, graph.action, beat.node_id, beat.time_ref
     [java] 	at com.google.protobuf.UninitializedMessageException.asInvalidProtocolBufferException(UninitializedMessageException.java:81)
     [java] 	at com.google.protobuf.AbstractParser.checkMessageInitialized(AbstractParser.java:71)
     [java] 	at com.google.protobuf.AbstractParser.parseFrom(AbstractParser.java:176)
     [java] 	at com.google.protobuf.AbstractParser.parseFrom(AbstractParser.java:182)
     [java] 	at com.google.protobuf.AbstractParser.parseFrom(AbstractParser.java:49)
     [java] 	at io.netty.handler.codec.protobuf.ProtobufDecoder.decode(ProtobufDecoder.java:114)
     [java] 	at io.netty.handler.codec.protobuf.ProtobufDecoder.decode(ProtobufDecoder.java:62)
     [java] 	at io.netty.handler.codec.MessageToMessageDecoder.channelRead(MessageToMessageDecoder.java:89)
     [java] 	... 12 more
     [java] [nioEventLoopGroup-15-1] INFO server - server is shutting down
     [java] [inbound-1] INFO server - connection queue closing
     [java] [outbound-1] INFO server - connection queue closing
     [java] [nioEventLoopGroup-15-1] ERROR management - management channel inactive
     [java] [nioEventLoopGroup-3-1] INFO management - Received HB response from 1
     [java] [nioEventLoopGroup-2-1] INFO management - Received HB response from 0
     [java] [nioEventLoopGroup-4-1] INFO management - Received HB response from 2
     [java] [Thread-0] INFO management - sending heartbeat
     [java] [Thread-0] INFO management - sending heartbeat
     [java] [Thread-0] INFO management - sending heartbeat
     [java] [nioEventLoopGroup-3-1] INFO management - Received HB response from 1
     [java] [nioEventLoopGroup-2-1] INFO management - Received HB response from 0
     [java] [nioEventLoopGroup-4-1] INFO management - Received HB response from 2
     [java] [Thread-0] INFO management - sending heartbeat
     [java] [Thread-0] INFO management - sending heartbeat
     [java] [Thread-0] INFO management - sending heartbeat
     [java] [nioEventLoopGroup-3-1] INFO management - Received HB response from 1
     [java] [nioEventLoopGroup-2-1] INFO management - Received HB response from 0
     [java] [nioEventLoopGroup-4-1] INFO management - Received HB response from 2
     [java] [Thread-0] INFO management - sending heartbeat
     [java] [Thread-0] INFO management - sending heartbeat
     [java] [Thread-0] INFO management - sending heartbeat
     [java] [nioEventLoopGroup-3-1] INFO management - Received HB response from 1
     [java] [nioEventLoopGroup-2-1] INFO management - Received HB response from 0
     [java] [nioEventLoopGroup-4-1] INFO management - Received HB response from 2
     [java] [Thread-0] INFO management - sending heartbeat
     [java] [Thread-0] INFO management - sending heartbeat
     [java] [Thread-0] INFO management - sending heartbeat
     [java] [nioEventLoopGroup-3-1] INFO management - Received HB response from 1
     [java] [nioEventLoopGroup-2-1] INFO management - Received HB response from 0
     [java] [nioEventLoopGroup-4-1] INFO management - Received HB response from 2
     [java] [Thread-0] INFO management - sending heartbeat
     [java] [Thread-0] INFO management - sending heartbeat
     [java] [Thread-0] INFO management - sending heartbeat
     [java] [nioEventLoopGroup-3-1] INFO management - Received HB response from 1
     [java] [nioEventLoopGroup-2-1] INFO management - Received HB response from 0
     [java] [nioEventLoopGroup-4-1] INFO management - Received HB response from 2
     [java] [Thread-0] INFO management - sending heartbeat
     [java] [Thread-0] INFO management - sending heartbeat
     [java] [Thread-0] INFO management - sending heartbeat
     [java] [nioEventLoopGroup-3-1] INFO management - Received HB response from 1
     [java] [nioEventLoopGroup-2-1] INFO management - Received HB response from 0
     [java] [nioEventLoopGroup-4-1] INFO management - Received HB response from 2
     [java] [Thread-0] INFO management - sending heartbeat
     [java] [Thread-0] INFO management - sending heartbeat
     [java] [Thread-0] INFO management - sending heartbeat
     [java] [nioEventLoopGroup-3-1] INFO management - Received HB response from 1
     [java] [nioEventLoopGroup-2-1] INFO management - Received HB response from 0
     [java] [nioEventLoopGroup-4-1] INFO management - Received HB response from 2
     [java] [Thread-0] INFO management - sending heartbeat
     [java] [Thread-0] INFO management - sending heartbeat
     [java] [Thread-0] INFO management - sending heartbeat
     [java] [nioEventLoopGroup-3-1] INFO management - Received HB response from 1
     [java] [nioEventLoopGroup-2-1] INFO management - Received HB response from 0
     [java] [nioEventLoopGroup-4-1] INFO management - Received HB response from 2
     [java] [Thread-0] INFO management - sending heartbeat
     [java] [Thread-0] INFO management - sending heartbeat
     [java] [Thread-0] INFO management - sending heartbeat
     [java] [nioEventLoopGroup-3-1] INFO management - Received HB response from 1
     [java] [nioEventLoopGroup-2-1] INFO management - Received HB response from 0
     [java] [nioEventLoopGroup-4-1] INFO management - Received HB response from 2
     [java] [Thread-0] INFO management - sending heartbeat
     [java] [Thread-0] INFO management - sending heartbeat
     [java] [Thread-0] INFO management - sending heartbeat
     [java] [nioEventLoopGroup-3-1] INFO management - Received HB response from 1
     [java] [nioEventLoopGroup-2-1] INFO management - Received HB response from 0
     [java] [nioEventLoopGroup-4-1] INFO management - Received HB response from 2
     [java] [Thread-0] INFO management - sending heartbeat
     [java] [Thread-0] INFO management - sending heartbeat
     [java] [Thread-0] INFO management - sending heartbeat
     [java] [nioEventLoopGroup-3-1] INFO management - Received HB response from 1
     [java] [nioEventLoopGroup-2-1] INFO management - Received HB response from 0
     [java] [nioEventLoopGroup-4-1] INFO management - Received HB response from 2
     [java] [Thread-0] INFO management - sending heartbeat
     [java] [Thread-0] INFO management - sending heartbeat
     [java] [Thread-0] INFO management - sending heartbeat
     [java] [nioEventLoopGroup-3-1] INFO management - Received HB response from 1
     [java] [nioEventLoopGroup-2-1] INFO management - Received HB response from 0
     [java] [nioEventLoopGroup-4-1] INFO management - Received HB response from 2
     [java] [Thread-0] INFO management - sending heartbeat
     [java] [Thread-0] INFO management - sending heartbeat
     [java] [Thread-0] INFO management - sending heartbeat
     [java] [nioEventLoopGroup-3-1] INFO management - Received HB response from 1
     [java] [nioEventLoopGroup-2-1] INFO management - Received HB response from 0
     [java] [nioEventLoopGroup-4-1] INFO management - Received HB response from 2
     [java] [Thread-0] INFO management - sending heartbeat
     [java] [Thread-0] INFO management - sending heartbeat
     [java] [Thread-0] INFO management - sending heartbeat
     [java] [nioEventLoopGroup-3-1] INFO management - Received HB response from 1
     [java] [nioEventLoopGroup-2-1] INFO management - Received HB response from 0
     [java] [nioEventLoopGroup-4-1] INFO management - Received HB response from 2
     [java] [Thread-0] INFO management - sending heartbeat
     [java] [Thread-0] INFO management - sending heartbeat
     [java] [Thread-0] INFO management - sending heartbeat
     [java] [nioEventLoopGroup-3-1] INFO management - Received HB response from 1
     [java] [nioEventLoopGroup-2-1] INFO management - Received HB response from 0
     [java] [nioEventLoopGroup-4-1] INFO management - Received HB response from 2
     [java] [Thread-0] INFO management - sending heartbeat
     [java] [Thread-0] INFO management - sending heartbeat
     [java] [Thread-0] INFO management - sending heartbeat
     [java] [nioEventLoopGroup-3-1] INFO management - Received HB response from 1
     [java] [nioEventLoopGroup-2-1] INFO management - Received HB response from 0
     [java] [nioEventLoopGroup-4-1] INFO management - Received HB response from 2
     [java] [Thread-0] INFO management - sending heartbeat
     [java] [Thread-0] INFO management - sending heartbeat
     [java] [Thread-0] INFO management - sending heartbeat
     [java] [nioEventLoopGroup-3-1] INFO management - Received HB response from 1
     [java] [nioEventLoopGroup-2-1] INFO management - Received HB response from 0
     [java] [nioEventLoopGroup-4-1] INFO management - Received HB response from 2
     [java] [Thread-0] INFO management - sending heartbeat
     [java] [Thread-0] INFO management - sending heartbeat
     [java] [Thread-0] INFO management - sending heartbeat
     [java] [nioEventLoopGroup-3-1] INFO management - Received HB response from 1
     [java] [nioEventLoopGroup-2-1] INFO management - Received HB response from 0
     [java] [nioEventLoopGroup-4-1] INFO management - Received HB response from 2
     [java] [Thread-0] INFO management - sending heartbeat
     [java] [Thread-0] INFO management - sending heartbeat
     [java] [Thread-0] INFO management - sending heartbeat
     [java] [nioEventLoopGroup-3-1] INFO management - Received HB response from 1
     [java] [nioEventLoopGroup-2-1] INFO management - Received HB response from 0
     [java] [nioEventLoopGroup-4-1] INFO management - Received HB response from 2
     [java] [Thread-0] INFO management - sending heartbeat
     [java] [Thread-0] INFO management - sending heartbeat
     [java] [Thread-0] INFO management - sending heartbeat
     [java] [nioEventLoopGroup-3-1] INFO management - Received HB response from 1
     [java] [nioEventLoopGroup-2-1] INFO management - Received HB response from 0
     [java] [nioEventLoopGroup-4-1] INFO management - Received HB response from 2
     [java] [Thread-0] INFO management - sending heartbeat
     [java] [Thread-0] INFO management - sending heartbeat
     [java] [Thread-0] INFO management - sending heartbeat
     [java] [nioEventLoopGroup-3-1] INFO management - Received HB response from 1
     [java] [nioEventLoopGroup-2-1] INFO management - Received HB response from 0
     [java] [nioEventLoopGroup-4-1] INFO management - Received HB response from 2
     [java] [Thread-0] INFO management - sending heartbeat
     [java] [Thread-0] INFO management - sending heartbeat
     [java] [Thread-0] INFO management - sending heartbeat
     [java] [nioEventLoopGroup-3-1] INFO management - Received HB response from 1
     [java] [nioEventLoopGroup-2-1] INFO management - Received HB response from 0
     [java] [nioEventLoopGroup-4-1] INFO management - Received HB response from 2
     [java] [Thread-0] INFO management - sending heartbeat
     [java] [Thread-0] INFO management - sending heartbeat
     [java] [Thread-0] INFO management - sending heartbeat
     [java] [nioEventLoopGroup-3-1] INFO management - Received HB response from 1
     [java] [nioEventLoopGroup-2-1] INFO management - Received HB response from 0
     [java] [nioEventLoopGroup-4-1] INFO management - Received HB response from 2
     [java] [Thread-0] INFO management - sending heartbeat
     [java] [Thread-0] INFO management - sending heartbeat
     [java] [Thread-0] INFO management - sending heartbeat
     [java] [nioEventLoopGroup-3-1] INFO management - Received HB response from 1
     [java] [nioEventLoopGroup-2-1] INFO management - Received HB response from 0
     [java] [nioEventLoopGroup-4-1] INFO management - Received HB response from 2
     [java] [Thread-0] INFO management - sending heartbeat
     [java] [Thread-0] INFO management - sending heartbeat
     [java] [Thread-0] INFO management - sending heartbeat
     [java] [nioEventLoopGroup-3-1] INFO management - Received HB response from 1
     [java] [nioEventLoopGroup-2-1] INFO management - Received HB response from 0
     [java] [nioEventLoopGroup-4-1] INFO management - Received HB response from 2
     [java] [Thread-0] INFO management - sending heartbeat
     [java] [Thread-0] INFO management - sending heartbeat
     [java] [Thread-0] INFO management - sending heartbeat
     [java] [nioEventLoopGroup-3-1] INFO management - Received HB response from 1
     [java] [nioEventLoopGroup-2-1] INFO management - Received HB response from 0
     [java] [nioEventLoopGroup-4-1] INFO management - Received HB response from 2
     [java] [Thread-0] INFO management - sending heartbeat
     [java] [Thread-0] INFO management - sending heartbeat
     [java] [Thread-0] INFO management - sending heartbeat
     [java] [nioEventLoopGroup-3-1] INFO management - Received HB response from 1
     [java] [nioEventLoopGroup-2-1] INFO management - Received HB response from 0
     [java] [nioEventLoopGroup-4-1] INFO management - Received HB response from 2
     [java] [Thread-0] INFO management - sending heartbeat
     [java] [Thread-0] INFO management - sending heartbeat
     [java] [Thread-0] INFO management - sending heartbeat
     [java] [nioEventLoopGroup-3-1] INFO management - Received HB response from 1
     [java] [nioEventLoopGroup-2-1] INFO management - Received HB response from 0
     [java] [nioEventLoopGroup-4-1] INFO management - Received HB response from 2
     [java] [Thread-0] INFO management - sending heartbeat
     [java] [Thread-0] INFO management - sending heartbeat
     [java] [Thread-0] INFO management - sending heartbeat
     [java] [nioEventLoopGroup-3-1] INFO management - Received HB response from 1
     [java] [nioEventLoopGroup-2-1] INFO management - Received HB response from 0
     [java] [nioEventLoopGroup-4-1] INFO management - Received HB response from 2
     [java] [Thread-0] INFO management - sending heartbeat
     [java] [Thread-0] INFO management - sending heartbeat
     [java] [Thread-0] INFO management - sending heartbeat
     [java] [nioEventLoopGroup-3-1] INFO management - Received HB response from 1
     [java] [nioEventLoopGroup-2-1] INFO management - Received HB response from 0
     [java] [nioEventLoopGroup-4-1] INFO management - Received HB response from 2
     [java] [Thread-0] INFO management - sending heartbeat
     [java] [Thread-0] INFO management - sending heartbeat
     [java] [Thread-0] INFO management - sending heartbeat
     [java] [nioEventLoopGroup-3-1] INFO management - Received HB response from 1
     [java] [nioEventLoopGroup-2-1] INFO management - Received HB response from 0
     [java] [nioEventLoopGroup-4-1] INFO management - Received HB response from 2
     [java] [Thread-0] INFO management - sending heartbeat
     [java] [Thread-0] INFO management - sending heartbeat
     [java] [Thread-0] INFO management - sending heartbeat
     [java] [nioEventLoopGroup-3-1] INFO management - Received HB response from 1
     [java] [nioEventLoopGroup-2-1] INFO management - Received HB response from 0
     [java] [nioEventLoopGroup-4-1] INFO management - Received HB response from 2
     [java] [Thread-0] INFO management - sending heartbeat
     [java] [Thread-0] INFO management - sending heartbeat
     [java] [Thread-0] INFO management - sending heartbeat
     [java] [nioEventLoopGroup-3-1] INFO management - Received HB response from 1
     [java] [nioEventLoopGroup-2-1] INFO management - Received HB response from 0
     [java] [nioEventLoopGroup-4-1] INFO management - Received HB response from 2
     [java] [Thread-0] INFO management - sending heartbeat
     [java] [Thread-0] INFO management - sending heartbeat
     [java] [Thread-0] INFO management - sending heartbeat
     [java] [nioEventLoopGroup-3-1] INFO management - Received HB response from 1
     [java] [nioEventLoopGroup-2-1] INFO management - Received HB response from 0
     [java] [nioEventLoopGroup-4-1] INFO management - Received HB response from 2
     [java] [Thread-0] INFO management - sending heartbeat
     [java] [Thread-0] INFO management - sending heartbeat
     [java] [Thread-0] INFO management - sending heartbeat
     [java] [nioEventLoopGroup-3-1] INFO management - Received HB response from 1
     [java] [nioEventLoopGroup-2-1] INFO management - Received HB response from 0
     [java] [nioEventLoopGroup-4-1] INFO management - Received HB response from 2
     [java] [Thread-0] INFO management - sending heartbeat
     [java] [Thread-0] INFO management - sending heartbeat
     [java] [Thread-0] INFO management - sending heartbeat
     [java] [nioEventLoopGroup-3-1] INFO management - Received HB response from 1
     [java] [nioEventLoopGroup-2-1] INFO management - Received HB response from 0
     [java] [nioEventLoopGroup-4-1] INFO management - Received HB response from 2
     [java] [Thread-0] INFO management - sending heartbeat
     [java] [Thread-0] INFO management - sending heartbeat
     [java] [Thread-0] INFO management - sending heartbeat
     [java] [nioEventLoopGroup-3-1] INFO management - Received HB response from 1
     [java] [nioEventLoopGroup-2-1] INFO management - Received HB response from 0
     [java] [nioEventLoopGroup-4-1] INFO management - Received HB response from 2
     [java] [Thread-0] INFO management - sending heartbeat
     [java] [Thread-0] INFO management - sending heartbeat
     [java] [Thread-0] INFO management - sending heartbeat
     [java] [nioEventLoopGroup-3-1] INFO management - Received HB response from 1
     [java] [nioEventLoopGroup-2-1] INFO management - Received HB response from 0
     [java] [nioEventLoopGroup-4-1] INFO management - Received HB response from 2
     [java] [Thread-0] INFO management - sending heartbeat
     [java] [Thread-0] INFO management - sending heartbeat
     [java] [Thread-0] INFO management - sending heartbeat
     [java] [nioEventLoopGroup-3-1] INFO management - Received HB response from 1
     [java] [nioEventLoopGroup-2-1] INFO management - Received HB response from 0
     [java] [nioEventLoopGroup-4-1] INFO management - Received HB response from 2
     [java] [Thread-0] INFO management - sending heartbeat
     [java] [Thread-0] INFO management - sending heartbeat
     [java] [Thread-0] INFO management - sending heartbeat
     [java] [nioEventLoopGroup-3-1] INFO management - Received HB response from 1
     [java] [nioEventLoopGroup-2-1] INFO management - Received HB response from 0
     [java] [nioEventLoopGroup-4-1] INFO management - Received HB response from 2
     [java] [Thread-0] INFO management - sending heartbeat
     [java] [Thread-0] INFO management - sending heartbeat
     [java] [Thread-0] INFO management - sending heartbeat
     [java] [nioEventLoopGroup-3-1] INFO management - Received HB response from 1
     [java] [nioEventLoopGroup-2-1] INFO management - Received HB response from 0
     [java] [nioEventLoopGroup-4-1] INFO management - Received HB response from 2
     [java] [Thread-0] INFO management - sending heartbeat
     [java] [Thread-0] INFO management - sending heartbeat
     [java] [Thread-0] INFO management - sending heartbeat
     [java] [nioEventLoopGroup-3-1] INFO management - Received HB response from 1
     [java] [nioEventLoopGroup-2-1] INFO management - Received HB response from 0
     [java] [nioEventLoopGroup-4-1] INFO management - Received HB response from 2
     [java] [Thread-0] INFO management - sending heartbeat
     [java] [Thread-0] INFO management - sending heartbeat
     [java] [Thread-0] INFO management - sending heartbeat
     [java] [nioEventLoopGroup-3-1] INFO management - Received HB response from 1
     [java] [nioEventLoopGroup-2-1] INFO management - Received HB response from 0
     [java] [nioEventLoopGroup-4-1] INFO management - Received HB response from 2
     [java] [Thread-0] INFO management - sending heartbeat
     [java] [Thread-0] INFO management - sending heartbeat
     [java] [Thread-0] INFO management - sending heartbeat
     [java] [nioEventLoopGroup-3-1] INFO management - Received HB response from 1
     [java] [nioEventLoopGroup-2-1] INFO management - Received HB response from 0
     [java] [nioEventLoopGroup-4-1] INFO management - Received HB response from 2
     [java] [Thread-0] INFO management - sending heartbeat
     [java] [Thread-0] INFO management - sending heartbeat
     [java] [Thread-0] INFO management - sending heartbeat
     [java] [nioEventLoopGroup-3-1] INFO management - Received HB response from 1
     [java] [nioEventLoopGroup-2-1] INFO management - Received HB response from 0
     [java] [nioEventLoopGroup-4-1] INFO management - Received HB response from 2
     [java] [Thread-0] INFO management - sending heartbeat
     [java] [Thread-0] INFO management - sending heartbeat
     [java] [Thread-0] INFO management - sending heartbeat
     [java] [nioEventLoopGroup-3-1] INFO management - Received HB response from 1
     [java] [nioEventLoopGroup-2-1] INFO management - Received HB response from 0
     [java] [nioEventLoopGroup-4-1] INFO management - Received HB response from 2
     [java] [Thread-0] INFO management - sending heartbeat
     [java] [Thread-0] INFO management - sending heartbeat
     [java] [Thread-0] INFO management - sending heartbeat
     [java] [nioEventLoopGroup-3-1] INFO management - Received HB response from 1
     [java] [nioEventLoopGroup-2-1] INFO management - Received HB response from 0
     [java] [nioEventLoopGroup-4-1] INFO management - Received HB response from 2
     [java] [Thread-0] INFO management - sending heartbeat
     [java] [Thread-0] INFO management - sending heartbeat
     [java] [Thread-0] INFO management - sending heartbeat
     [java] [nioEventLoopGroup-3-1] INFO management - Received HB response from 1
     [java] [nioEventLoopGroup-2-1] INFO management - Received HB response from 0
     [java] [nioEventLoopGroup-4-1] INFO management - Received HB response from 2
     [java] [Thread-0] INFO management - sending heartbeat
     [java] [Thread-0] INFO management - sending heartbeat
     [java] [Thread-0] INFO management - sending heartbeat
     [java] [nioEventLoopGroup-3-1] INFO management - Received HB response from 1
     [java] [nioEventLoopGroup-2-1] INFO management - Received HB response from 0
     [java] [nioEventLoopGroup-4-1] INFO management - Received HB response from 2
     [java] [Thread-0] INFO management - sending heartbeat
     [java] [Thread-0] INFO management - sending heartbeat
     [java] [Thread-0] INFO management - sending heartbeat
     [java] [nioEventLoopGroup-3-1] INFO management - Received HB response from 1
     [java] [nioEventLoopGroup-2-1] INFO management - Received HB response from 0
     [java] [nioEventLoopGroup-4-1] INFO management - Received HB response from 2
     [java] [Thread-0] INFO management - sending heartbeat
     [java] [Thread-0] INFO management - sending heartbeat
     [java] [Thread-0] INFO management - sending heartbeat
     [java] [nioEventLoopGroup-3-1] INFO management - Received HB response from 1
     [java] [nioEventLoopGroup-2-1] INFO management - Received HB response from 0
     [java] [nioEventLoopGroup-4-1] INFO management - Received HB response from 2
     [java] [Thread-0] INFO management - sending heartbeat
     [java] [Thread-0] INFO management - sending heartbeat
     [java] [Thread-0] INFO management - sending heartbeat
     [java] [nioEventLoopGroup-3-1] INFO management - Received HB response from 1
     [java] [nioEventLoopGroup-2-1] INFO management - Received HB response from 0
     [java] [nioEventLoopGroup-4-1] INFO management - Received HB response from 2
     [java] [Thread-0] INFO management - sending heartbeat
     [java] [Thread-0] INFO management - sending heartbeat
     [java] [Thread-0] INFO management - sending heartbeat
     [java] [nioEventLoopGroup-3-1] INFO management - Received HB response from 1
     [java] [nioEventLoopGroup-2-1] INFO management - Received HB response from 0
     [java] [nioEventLoopGroup-4-1] INFO management - Received HB response from 2
     [java] [Thread-0] INFO management - sending heartbeat
     [java] [Thread-0] INFO management - sending heartbeat
     [java] [Thread-0] INFO management - sending heartbeat
     [java] [nioEventLoopGroup-3-1] INFO management - Received HB response from 1
     [java] [nioEventLoopGroup-2-1] INFO management - Received HB response from 0
     [java] [nioEventLoopGroup-4-1] INFO management - Received HB response from 2
     [java] [Thread-0] INFO management - sending heartbeat
     [java] [Thread-0] INFO management - sending heartbeat
     [java] [Thread-0] INFO management - sending heartbeat
     [java] [nioEventLoopGroup-3-1] INFO management - Received HB response from 1
     [java] [nioEventLoopGroup-2-1] INFO management - Received HB response from 0
     [java] [nioEventLoopGroup-4-1] INFO management - Received HB response from 2
     [java] [Thread-0] INFO management - sending heartbeat
     [java] [Thread-0] INFO management - sending heartbeat
     [java] [Thread-0] INFO management - sending heartbeat
     [java] [nioEventLoopGroup-3-1] INFO management - Received HB response from 1
     [java] [nioEventLoopGroup-2-1] INFO management - Received HB response from 0
     [java] [nioEventLoopGroup-4-1] INFO management - Received HB response from 2
     [java] [Thread-0] INFO management - sending heartbeat
     [java] [Thread-0] INFO management - sending heartbeat
     [java] [Thread-0] INFO management - sending heartbeat
     [java] [nioEventLoopGroup-3-1] INFO management - Received HB response from 1
     [java] [nioEventLoopGroup-2-1] INFO management - Received HB response from 0
     [java] [nioEventLoopGroup-4-1] INFO management - Received HB response from 2
     [java] [Thread-0] INFO management - sending heartbeat
     [java] [Thread-0] INFO management - sending heartbeat
     [java] [Thread-0] INFO management - sending heartbeat
     [java] [nioEventLoopGroup-3-1] INFO management - Received HB response from 1
     [java] [nioEventLoopGroup-2-1] INFO management - Received HB response from 0
     [java] [nioEventLoopGroup-4-1] INFO management - Received HB response from 2
     [java] [Thread-0] INFO management - sending heartbeat
     [java] [Thread-0] INFO management - sending heartbeat
     [java] [Thread-0] INFO management - sending heartbeat
     [java] [nioEventLoopGroup-3-1] INFO management - Received HB response from 1
     [java] [nioEventLoopGroup-2-1] INFO management - Received HB response from 0
     [java] [nioEventLoopGroup-4-1] INFO management - Received HB response from 2
     [java] [Thread-0] INFO management - sending heartbeat
     [java] [Thread-0] INFO management - sending heartbeat
     [java] [Thread-0] INFO management - sending heartbeat
     [java] [nioEventLoopGroup-3-1] INFO management - Received HB response from 1
     [java] [nioEventLoopGroup-2-1] INFO management - Received HB response from 0
     [java] [nioEventLoopGroup-4-1] INFO management - Received HB response from 2
     [java] [Thread-0] INFO management - sending heartbeat
     [java] [Thread-0] INFO management - sending heartbeat
     [java] [Thread-0] INFO management - sending heartbeat
     [java] [nioEventLoopGroup-3-1] INFO management - Received HB response from 1
     [java] [nioEventLoopGroup-2-1] INFO management - Received HB response from 0
     [java] [nioEventLoopGroup-4-1] INFO management - Received HB response from 2
     [java] [Thread-0] INFO management - sending heartbeat
     [java] [Thread-0] INFO management - sending heartbeat
     [java] [Thread-0] INFO management - sending heartbeat
     [java] [nioEventLoopGroup-3-1] INFO management - Received HB response from 1
     [java] [nioEventLoopGroup-2-1] INFO management - Received HB response from 0
     [java] [nioEventLoopGroup-4-1] INFO management - Received HB response from 2
     [java] [Thread-0] INFO management - sending heartbeat
     [java] [Thread-0] INFO management - sending heartbeat
     [java] [Thread-0] INFO management - sending heartbeat
     [java] [nioEventLoopGroup-3-1] INFO management - Received HB response from 1
     [java] [nioEventLoopGroup-2-1] INFO management - Received HB response from 0
     [java] [nioEventLoopGroup-4-1] INFO management - Received HB response from 2
     [java] [Thread-0] INFO management - sending heartbeat
     [java] [Thread-0] INFO management - sending heartbeat
     [java] [Thread-0] INFO management - sending heartbeat
     [java] [nioEventLoopGroup-3-1] INFO management - Received HB response from 1
     [java] [nioEventLoopGroup-2-1] INFO management - Received HB response from 0
     [java] [nioEventLoopGroup-4-1] INFO management - Received HB response from 2
     [java] [Thread-0] INFO management - sending heartbeat
     [java] [Thread-0] INFO management - sending heartbeat
     [java] [Thread-0] INFO management - sending heartbeat
     [java] [nioEventLoopGroup-3-1] INFO management - Received HB response from 1
     [java] [nioEventLoopGroup-2-1] INFO management - Received HB response from 0
     [java] [nioEventLoopGroup-4-1] INFO management - Received HB response from 2
     [java] [Thread-0] INFO management - sending heartbeat
     [java] [Thread-0] INFO management - sending heartbeat
     [java] [Thread-0] INFO management - sending heartbeat
     [java] [nioEventLoopGroup-3-1] INFO management - Received HB response from 1
     [java] [nioEventLoopGroup-2-1] INFO management - Received HB response from 0
     [java] [nioEventLoopGroup-4-1] INFO management - Received HB response from 2
     [java] [Thread-0] INFO management - sending heartbeat
     [java] [Thread-0] INFO management - sending heartbeat
     [java] [Thread-0] INFO management - sending heartbeat
     [java] [nioEventLoopGroup-3-1] INFO management - Received HB response from 1
     [java] [nioEventLoopGroup-2-1] INFO management - Received HB response from 0
     [java] [nioEventLoopGroup-4-1] INFO management - Received HB response from 2
     [java] [Thread-0] INFO management - sending heartbeat
     [java] [Thread-0] INFO management - sending heartbeat
     [java] [Thread-0] INFO management - sending heartbeat
     [java] [nioEventLoopGroup-3-1] INFO management - Received HB response from 1
     [java] [nioEventLoopGroup-2-1] INFO management - Received HB response from 0
     [java] [nioEventLoopGroup-4-1] INFO management - Received HB response from 2
     [java] [Thread-0] INFO management - sending heartbeat
     [java] [Thread-0] INFO management - sending heartbeat
     [java] [Thread-0] INFO management - sending heartbeat
     [java] [nioEventLoopGroup-3-1] INFO management - Received HB response from 1
     [java] [nioEventLoopGroup-2-1] INFO management - Received HB response from 0
     [java] [nioEventLoopGroup-4-1] INFO management - Received HB response from 2
     [java] [Thread-0] INFO management - sending heartbeat
     [java] [Thread-0] INFO management - sending heartbeat
     [java] [Thread-0] INFO management - sending heartbeat
     [java] [nioEventLoopGroup-3-1] INFO management - Received HB response from 1
     [java] [nioEventLoopGroup-2-1] INFO management - Received HB response from 0
     [java] [nioEventLoopGroup-4-1] INFO management - Received HB response from 2
     [java] [Thread-0] INFO management - sending heartbeat
     [java] [Thread-0] INFO management - sending heartbeat
     [java] [Thread-0] INFO management - sending heartbeat
     [java] [nioEventLoopGroup-3-1] INFO management - Received HB response from 1
     [java] [nioEventLoopGroup-2-1] INFO management - Received HB response from 0
     [java] [nioEventLoopGroup-4-1] INFO management - Received HB response from 2
     [java] [Thread-0] INFO management - sending heartbeat
     [java] [Thread-0] INFO management - sending heartbeat
     [java] [Thread-0] INFO management - sending heartbeat
     [java] [nioEventLoopGroup-3-1] INFO management - Received HB response from 1
     [java] [nioEventLoopGroup-2-1] INFO management - Received HB response from 0
     [java] [nioEventLoopGroup-4-1] INFO management - Received HB response from 2
     [java] [Thread-0] INFO management - sending heartbeat
     [java] [Thread-0] INFO management - sending heartbeat
     [java] [Thread-0] INFO management - sending heartbeat
     [java] [nioEventLoopGroup-3-1] INFO management - Received HB response from 1
     [java] [nioEventLoopGroup-2-1] INFO management - Received HB response from 0
     [java] [nioEventLoopGroup-4-1] INFO management - Received HB response from 2
     [java] [Thread-0] INFO management - sending heartbeat
     [java] [Thread-0] INFO management - sending heartbeat
     [java] [Thread-0] INFO management - sending heartbeat
     [java] [nioEventLoopGroup-3-1] INFO management - Received HB response from 1
     [java] [nioEventLoopGroup-2-1] INFO management - Received HB response from 0
     [java] [nioEventLoopGroup-4-1] INFO management - Received HB response from 2
     [java] [Thread-0] INFO management - sending heartbeat
     [java] [Thread-0] INFO management - sending heartbeat
     [java] [Thread-0] INFO management - sending heartbeat
     [java] [nioEventLoopGroup-3-1] INFO management - Received HB response from 1
     [java] [nioEventLoopGroup-2-1] INFO management - Received HB response from 0
     [java] [nioEventLoopGroup-4-1] INFO management - Received HB response from 2
     [java] [Thread-0] INFO management - sending heartbeat
     [java] [Thread-0] INFO management - sending heartbeat
     [java] [Thread-0] INFO management - sending heartbeat
     [java] [nioEventLoopGroup-3-1] INFO management - Received HB response from 1
     [java] [nioEventLoopGroup-2-1] INFO management - Received HB response from 0
     [java] [nioEventLoopGroup-4-1] INFO management - Received HB response from 2
     [java] [Thread-0] INFO management - sending heartbeat
     [java] [Thread-0] INFO management - sending heartbeat
     [java] [Thread-0] INFO management - sending heartbeat
     [java] [nioEventLoopGroup-3-1] INFO management - Received HB response from 1
     [java] [nioEventLoopGroup-2-1] INFO management - Received HB response from 0
     [java] [nioEventLoopGroup-4-1] INFO management - Received HB response from 2
     [java] [Thread-0] INFO management - sending heartbeat
     [java] [Thread-0] INFO management - sending heartbeat
     [java] [Thread-0] INFO management - sending heartbeat
     [java] [nioEventLoopGroup-3-1] INFO management - Received HB response from 1
     [java] [nioEventLoopGroup-2-1] INFO management - Received HB response from 0
     [java] [nioEventLoopGroup-4-1] INFO management - Received HB response from 2
     [java] [Thread-0] INFO management - sending heartbeat
     [java] [Thread-0] INFO management - sending heartbeat
     [java] [Thread-0] INFO management - sending heartbeat
     [java] [nioEventLoopGroup-3-1] INFO management - Received HB response from 1
     [java] [nioEventLoopGroup-2-1] INFO management - Received HB response from 0
     [java] [nioEventLoopGroup-4-1] INFO management - Received HB response from 2
     [java] [Thread-0] INFO management - sending heartbeat
     [java] [Thread-0] INFO management - sending heartbeat
     [java] [Thread-0] INFO management - sending heartbeat
     [java] [nioEventLoopGroup-3-1] INFO management - Received HB response from 1
     [java] [nioEventLoopGroup-2-1] INFO management - Received HB response from 0
     [java] [nioEventLoopGroup-4-1] INFO management - Received HB response from 2
     [java] [Thread-0] INFO management - sending heartbeat
     [java] [Thread-0] INFO management - sending heartbeat
     [java] [Thread-0] INFO management - sending heartbeat
     [java] [nioEventLoopGroup-3-1] INFO management - Received HB response from 1
     [java] [nioEventLoopGroup-2-1] INFO management - Received HB response from 0
     [java] [nioEventLoopGroup-4-1] INFO management - Received HB response from 2
     [java] [Thread-0] INFO management - sending heartbeat
     [java] [Thread-0] INFO management - sending heartbeat
     [java] [Thread-0] INFO management - sending heartbeat
     [java] [nioEventLoopGroup-3-1] INFO management - Received HB response from 1
     [java] [nioEventLoopGroup-2-1] INFO management - Received HB response from 0
     [java] [nioEventLoopGroup-4-1] INFO management - Received HB response from 2
     [java] [Thread-0] INFO management - sending heartbeat
     [java] [Thread-0] INFO management - sending heartbeat
     [java] [Thread-0] INFO management - sending heartbeat
     [java] [nioEventLoopGroup-3-1] INFO management - Received HB response from 1
     [java] [nioEventLoopGroup-2-1] INFO management - Received HB response from 0
     [java] [nioEventLoopGroup-4-1] INFO management - Received HB response from 2
     [java] [Thread-0] INFO management - sending heartbeat
     [java] [Thread-0] INFO management - sending heartbeat
     [java] [Thread-0] INFO management - sending heartbeat
     [java] [nioEventLoopGroup-3-1] INFO management - Received HB response from 1
     [java] [nioEventLoopGroup-2-1] INFO management - Received HB response from 0
     [java] [nioEventLoopGroup-4-1] INFO management - Received HB response from 2
     [java] [Thread-0] INFO management - sending heartbeat
     [java] [Thread-0] INFO management - sending heartbeat
     [java] [Thread-0] INFO management - sending heartbeat
     [java] [nioEventLoopGroup-3-1] INFO management - Received HB response from 1
     [java] [nioEventLoopGroup-2-1] INFO management - Received HB response from 0
     [java] [nioEventLoopGroup-4-1] INFO management - Received HB response from 2
     [java] [Thread-0] INFO management - sending heartbeat
     [java] [Thread-0] INFO management - sending heartbeat
     [java] [Thread-0] INFO management - sending heartbeat
     [java] [nioEventLoopGroup-3-1] INFO management - Received HB response from 1
     [java] [nioEventLoopGroup-2-1] INFO management - Received HB response from 0
     [java] [nioEventLoopGroup-4-1] INFO management - Received HB response from 2
     [java] [Thread-0] INFO management - sending heartbeat
     [java] [Thread-0] INFO management - sending heartbeat
     [java] [Thread-0] INFO management - sending heartbeat
     [java] [nioEventLoopGroup-3-1] INFO management - Received HB response from 1
     [java] [nioEventLoopGroup-2-1] INFO management - Received HB response from 0
     [java] [nioEventLoopGroup-4-1] INFO management - Received HB response from 2
     [java] [Thread-0] INFO management - sending heartbeat
     [java] [Thread-0] INFO management - sending heartbeat
     [java] [Thread-0] INFO management - sending heartbeat
     [java] [nioEventLoopGroup-3-1] INFO management - Received HB response from 1
     [java] [nioEventLoopGroup-2-1] INFO management - Received HB response from 0
     [java] [nioEventLoopGroup-4-1] INFO management - Received HB response from 2
     [java] [Thread-0] INFO management - sending heartbeat
     [java] [Thread-0] INFO management - sending heartbeat
     [java] [Thread-0] INFO management - sending heartbeat
     [java] [nioEventLoopGroup-3-1] INFO management - Received HB response from 1
     [java] [nioEventLoopGroup-2-1] INFO management - Received HB response from 0
     [java] [nioEventLoopGroup-4-1] INFO management - Received HB response from 2
     [java] [Thread-0] INFO management - sending heartbeat
     [java] [Thread-0] INFO management - sending heartbeat
     [java] [Thread-0] INFO management - sending heartbeat
     [java] [nioEventLoopGroup-3-1] INFO management - Received HB response from 1
     [java] [nioEventLoopGroup-2-1] INFO management - Received HB response from 0
     [java] [nioEventLoopGroup-4-1] INFO management - Received HB response from 2
     [java] [Thread-0] INFO management - sending heartbeat
     [java] [Thread-0] INFO management - sending heartbeat
     [java] [Thread-0] INFO management - sending heartbeat
     [java] [nioEventLoopGroup-3-1] INFO management - Received HB response from 1
     [java] [nioEventLoopGroup-2-1] INFO management - Received HB response from 0
     [java] [nioEventLoopGroup-12-1] ERROR management - Unexpected exception from downstream.
     [java] java.io.IOException: An existing connection was forcibly closed by the remote host
     [java] 	at sun.nio.ch.SocketDispatcher.read0(Native Method)
     [java] 	at sun.nio.ch.SocketDispatcher.read(SocketDispatcher.java:43)
     [java] 	at sun.nio.ch.IOUtil.readIntoNativeBuffer(IOUtil.java:223)
     [java] 	at sun.nio.ch.IOUtil.read(IOUtil.java:192)
     [java] 	at sun.nio.ch.SocketChannelImpl.read(SocketChannelImpl.java:379)
     [java] 	at io.netty.buffer.UnpooledUnsafeDirectByteBuf.setBytes(UnpooledUnsafeDirectByteBuf.java:446)
     [java] 	at io.netty.buffer.AbstractByteBuf.writeBytes(AbstractByteBuf.java:871)
     [java] 	at io.netty.channel.socket.nio.NioSocketChannel.doReadBytes(NioSocketChannel.java:208)
     [java] 	at io.netty.channel.nio.AbstractNioByteChannel$NioByteUnsafe.read(AbstractNioByteChannel.java:124)
     [java] 	at io.netty.channel.nio.NioEventLoop.processSelectedKey(NioEventLoop.java:485)
     [java] 	at io.netty.channel.nio.NioEventLoop.processSelectedKeysOptimized(NioEventLoop.java:452)
     [java] 	at io.netty.channel.nio.NioEventLoop.run(NioEventLoop.java:346)
     [java] 	at io.netty.util.concurrent.SingleThreadEventExecutor$2.run(SingleThreadEventExecutor.java:101)
     [java] 	at java.lang.Thread.run(Thread.java:744)
     [java] [nioEventLoopGroup-12-1] ERROR management - management channel inactive
     [java] [nioEventLoopGroup-8-3] ERROR management - Unexpected exception from downstream.
     [java] [nioEventLoopGroup-9-1] ERROR management - Unexpected exception from downstream.
     [java] java.io.IOException: An existing connection was forcibly closed by the remote host
     [java] 	at sun.nio.ch.SocketDispatcher.read0(Native Method)
     [java] 	at sun.nio.ch.SocketDispatcher.read(SocketDispatcher.java:43)
     [java] 	at sun.nio.ch.IOUtil.readIntoNativeBuffer(IOUtil.java:223)
     [java] 	at sun.nio.ch.IOUtil.read(IOUtil.java:192)
     [java] 	at sun.nio.ch.SocketChannelImpl.read(SocketChannelImpl.java:379)
     [java] 	at io.netty.buffer.UnpooledUnsafeDirectByteBuf.setBytes(UnpooledUnsafeDirectByteBuf.java:446)
     [java] 	at io.netty.buffer.AbstractByteBuf.writeBytes(AbstractByteBuf.java:871)
     [java] 	at io.netty.channel.socket.nio.NioSocketChannel.doReadBytes(NioSocketChannel.java:208)
     [java] 	at io.netty.channel.nio.AbstractNioByteChannel$NioByteUnsafe.read(AbstractNioByteChannel.java:124)
     [java] 	at io.netty.channel.nio.NioEventLoop.processSelectedKey(NioEventLoop.java:485)
     [java] 	at io.netty.channel.nio.NioEventLoop.processSelectedKeysOptimized(NioEventLoop.java:452)
     [java] 	at io.netty.channel.nio.NioEventLoop.run(NioEventLoop.java:346)
     [java] 	at io.netty.util.concurrent.SingleThreadEventExecutor$2.run(SingleThreadEventExecutor.java:101)
     [java] 	at java.lang.Thread.run(Thread.java:744)
     [java] [nioEventLoopGroup-8-4] ERROR management - Unexpected exception from downstream.
     [java] java.io.IOException: An existing connection was forcibly closed by the remote host
     [java] 	at sun.nio.ch.SocketDispatcher.read0(Native Method)
     [java] 	at sun.nio.ch.SocketDispatcher.read(SocketDispatcher.java:43)
     [java] 	at sun.nio.ch.IOUtil.readIntoNativeBuffer(IOUtil.java:223)
     [java] 	at sun.nio.ch.IOUtil.read(IOUtil.java:192)
     [java] 	at sun.nio.ch.SocketChannelImpl.read(SocketChannelImpl.java:379)
     [java] 	at io.netty.buffer.UnpooledUnsafeDirectByteBuf.setBytes(UnpooledUnsafeDirectByteBuf.java:446)
     [java] 	at io.netty.buffer.AbstractByteBuf.writeBytes(AbstractByteBuf.java:871)
     [java] 	at io.netty.channel.socket.nio.NioSocketChannel.doReadBytes(NioSocketChannel.java:208)
     [java] 	at io.netty.channel.nio.AbstractNioByteChannel$NioByteUnsafe.read(AbstractNioByteChannel.java:124)
     [java] 	at io.netty.channel.nio.NioEventLoop.processSelectedKey(NioEventLoop.java:485)
     [java] 	at io.netty.channel.nio.NioEventLoop.processSelectedKeysOptimized(NioEventLoop.java:452)
     [java] 	at io.netty.channel.nio.NioEventLoop.run(NioEventLoop.java:346)
     [java] 	at io.netty.util.concurrent.SingleThreadEventExecutor$2.run(SingleThreadEventExecutor.java:101)
     [java] 	at java.lang.Thread.run(Thread.java:744)
     [java] [nioEventLoopGroup-8-4] ERROR management - management channel inactive
     [java] java.io.IOException: An existing connection was forcibly closed by the remote host
     [java] 	at sun.nio.ch.SocketDispatcher.read0(Native Method)
     [java] 	at sun.nio.ch.SocketDispatcher.read(SocketDispatcher.java:43)
     [java] 	at sun.nio.ch.IOUtil.readIntoNativeBuffer(IOUtil.java:223)
     [java] 	at sun.nio.ch.IOUtil.read(IOUtil.java:192)
     [java] 	at sun.nio.ch.SocketChannelImpl.read(SocketChannelImpl.java:379)
     [java] 	at io.netty.buffer.UnpooledUnsafeDirectByteBuf.setBytes(UnpooledUnsafeDirectByteBuf.java:446)
     [java] 	at io.netty.buffer.AbstractByteBuf.writeBytes(AbstractByteBuf.java:871)
     [java] 	at io.netty.channel.socket.nio.NioSocketChannel.doReadBytes(NioSocketChannel.java:208)
     [java] 	at io.netty.channel.nio.AbstractNioByteChannel$NioByteUnsafe.read(AbstractNioByteChannel.java:124)
     [java] 	at io.netty.channel.nio.NioEventLoop.processSelectedKey(NioEventLoop.java:485)
     [java] 	at io.netty.channel.nio.NioEventLoop.processSelectedKeysOptimized(NioEventLoop.java:452)
     [java] 	at io.netty.channel.nio.NioEventLoop.run(NioEventLoop.java:346)
     [java] 	at io.netty.util.concurrent.SingleThreadEventExecutor$2.run(SingleThreadEventExecutor.java:101)
     [java] 	at java.lang.Thread.run(Thread.java:744)
     [java] [nioEventLoopGroup-2-1] ERROR mgmt - Unexpected exception from downstream.
     [java] [nioEventLoopGroup-8-3] WARN management - HB outgoing channel closing for node 'mgmt-3.6' at 127.0.0.1
     [java] java.io.IOException: An existing connection was forcibly closed by the remote host
     [java] 	at sun.nio.ch.SocketDispatcher.read0(Native Method)
     [java] 	at sun.nio.ch.SocketDispatcher.read(SocketDispatcher.java:43)
     [java] 	at sun.nio.ch.IOUtil.readIntoNativeBuffer(IOUtil.java:223)
     [java] 	at sun.nio.ch.IOUtil.read(IOUtil.java:192)
     [java] 	at sun.nio.ch.SocketChannelImpl.read(SocketChannelImpl.java:379)
     [java] 	at io.netty.buffer.UnpooledUnsafeDirectByteBuf.setBytes(UnpooledUnsafeDirectByteBuf.java:446)
     [java] 	at io.netty.buffer.AbstractByteBuf.writeBytes(AbstractByteBuf.java:871)
     [java] 	at io.netty.channel.socket.nio.NioSocketChannel.doReadBytes(NioSocketChannel.java:208)
     [java] 	at io.netty.channel.nio.AbstractNioByteChannel$NioByteUnsafe.read(AbstractNioByteChannel.java:124)
     [java] 	at io.netty.channel.nio.NioEventLoop.processSelectedKey(NioEventLoop.java:485)
     [java] 	at io.netty.channel.nio.NioEventLoop.processSelectedKeysOptimized(NioEventLoop.java:452)
     [java] 	at io.netty.channel.nio.NioEventLoop.run(NioEventLoop.java:346)
     [java] 	at io.netty.util.concurrent.SingleThreadEventExecutor$2.run(SingleThreadEventExecutor.java:101)
     [java] 	at java.lang.Thread.run(Thread.java:744)
     [java] [nioEventLoopGroup-9-1] ERROR management - management channel inactive
     [java] [nioEventLoopGroup-2-1] WARN mgmt - HeartMonitor releasing resources
     [java] [nioEventLoopGroup-2-1] ERROR mgmt - monitor channel inactive
     [java] [nioEventLoopGroup-8-3] ERROR management - management channel inactive
     [java] [Thread-1] INFO management - attempting to connect to node: localhost:5670
     [java] [nioEventLoopGroup-4-1] INFO management - Received HB response from 2
     [java] [Thread-0] INFO management - sending heartbeat
     [java] [Thread-0] INFO management - sending heartbeat
     [java] [Thread-1] INFO management - attempting to connect to node: localhost:5670
     [java] [nioEventLoopGroup-3-1] INFO management - Received HB response from 1
     [java] [nioEventLoopGroup-13-1] ERROR management - Unexpected exception from downstream.
     [java] java.io.IOException: An existing connection was forcibly closed by the remote host
     [java] 	at sun.nio.ch.SocketDispatcher.read0(Native Method)
     [java] 	at sun.nio.ch.SocketDispatcher.read(SocketDispatcher.java:43)
     [java] 	at sun.nio.ch.IOUtil.readIntoNativeBuffer(IOUtil.java:223)
     [java] 	at sun.nio.ch.IOUtil.read(IOUtil.java:192)
     [java] 	at sun.nio.ch.SocketChannelImpl.read(SocketChannelImpl.java:379)
     [java] 	at io.netty.buffer.UnpooledUnsafeDirectByteBuf.setBytes(UnpooledUnsafeDirectByteBuf.java:446)
     [java] 	at io.netty.buffer.AbstractByteBuf.writeBytes(AbstractByteBuf.java:871)
     [java] 	at io.netty.channel.socket.nio.NioSocketChannel.doReadBytes(NioSocketChannel.java:208)
     [java] 	at io.netty.channel.nio.AbstractNioByteChannel$NioByteUnsafe.read(AbstractNioByteChannel.java:124)
     [java] 	at io.netty.channel.nio.NioEventLoop.processSelectedKey(NioEventLoop.java:485)
     [java] 	at io.netty.channel.nio.NioEventLoop.processSelectedKeysOptimized(NioEventLoop.java:452)
     [java] 	at io.netty.channel.nio.NioEventLoop.run(NioEventLoop.java:346)
     [java] 	at io.netty.util.concurrent.SingleThreadEventExecutor$2.run(SingleThreadEventExecutor.java:101)
     [java] 	at java.lang.Thread.run(Thread.java:744)
     [java] [nioEventLoopGroup-13-1] ERROR management - management channel inactive
     [java] [nioEventLoopGroup-10-1] ERROR management - Unexpected exception from downstream.
     [java] [nioEventLoopGroup-3-1] ERROR mgmt - Unexpected exception from downstream.
     [java] java.io.IOException: An existing connection was forcibly closed by the remote host
     [java] 	at sun.nio.ch.SocketDispatcher.read0(Native Method)
     [java] 	at sun.nio.ch.SocketDispatcher.read(SocketDispatcher.java:43)
     [java] 	at sun.nio.ch.IOUtil.readIntoNativeBuffer(IOUtil.java:223)
     [java] 	at sun.nio.ch.IOUtil.read(IOUtil.java:192)
     [java] 	at sun.nio.ch.SocketChannelImpl.read(SocketChannelImpl.java:379)
     [java] 	at io.netty.buffer.UnpooledUnsafeDirectByteBuf.setBytes(UnpooledUnsafeDirectByteBuf.java:446)
     [java] 	at io.netty.buffer.AbstractByteBuf.writeBytes(AbstractByteBuf.java:871)
     [java] 	at io.netty.channel.socket.nio.NioSocketChannel.doReadBytes(NioSocketChannel.java:208)
     [java] 	at io.netty.channel.nio.AbstractNioByteChannel$NioByteUnsafe.read(AbstractNioByteChannel.java:124)
     [java] 	at io.netty.channel.nio.NioEventLoop.processSelectedKey(NioEventLoop.java:485)
     [java] 	at io.netty.channel.nio.NioEventLoop.processSelectedKeysOptimized(NioEventLoop.java:452)
     [java] 	at io.netty.channel.nio.NioEventLoop.run(NioEventLoop.java:346)
     [java] 	at io.netty.util.concurrent.SingleThreadEventExecutor$2.run(SingleThreadEventExecutor.java:101)
     [java] 	at java.lang.Thread.run(Thread.java:744)
     [java] [nioEventLoopGroup-10-1] ERROR management - management channel inactive
     [java] java.io.IOException: An existing connection was forcibly closed by the remote host
     [java] 	at sun.nio.ch.SocketDispatcher.read0(Native Method)
     [java] 	at sun.nio.ch.SocketDispatcher.read(SocketDispatcher.java:43)
     [java] 	at sun.nio.ch.IOUtil.readIntoNativeBuffer(IOUtil.java:223)
     [java] 	at sun.nio.ch.IOUtil.read(IOUtil.java:192)
     [java] 	at sun.nio.ch.SocketChannelImpl.read(SocketChannelImpl.java:379)
     [java] 	at io.netty.buffer.UnpooledUnsafeDirectByteBuf.setBytes(UnpooledUnsafeDirectByteBuf.java:446)
     [java] 	at io.netty.buffer.AbstractByteBuf.writeBytes(AbstractByteBuf.java:871)
     [java] 	at io.netty.channel.socket.nio.NioSocketChannel.doReadBytes(NioSocketChannel.java:208)
     [java] 	at io.netty.channel.nio.AbstractNioByteChannel$NioByteUnsafe.read(AbstractNioByteChannel.java:124)
     [java] 	at io.netty.channel.nio.NioEventLoop.processSelectedKey(NioEventLoop.java:485)
     [java] 	at io.netty.channel.nio.NioEventLoop.processSelectedKeysOptimized(NioEventLoop.java:452)
     [java] 	at io.netty.channel.nio.NioEventLoop.run(NioEventLoop.java:346)
     [java] 	at io.netty.util.concurrent.SingleThreadEventExecutor$2.run(SingleThreadEventExecutor.java:101)
     [java] 	at java.lang.Thread.run(Thread.java:744)
     [java] [nioEventLoopGroup-3-1] WARN mgmt - HeartMonitor releasing resources
     [java] [nioEventLoopGroup-3-1] ERROR mgmt - monitor channel inactive
     [java] [nioEventLoopGroup-8-1] ERROR management - Unexpected exception from downstream.
     [java] java.io.IOException: An existing connection was forcibly closed by the remote host
     [java] 	at sun.nio.ch.SocketDispatcher.read0(Native Method)
     [java] 	at sun.nio.ch.SocketDispatcher.read(SocketDispatcher.java:43)
     [java] 	at sun.nio.ch.IOUtil.readIntoNativeBuffer(IOUtil.java:223)
     [java] 	at sun.nio.ch.IOUtil.read(IOUtil.java:192)
     [java] 	at sun.nio.ch.SocketChannelImpl.read(SocketChannelImpl.java:379)
     [java] 	at io.netty.buffer.UnpooledUnsafeDirectByteBuf.setBytes(UnpooledUnsafeDirectByteBuf.java:446)
     [java] 	at io.netty.buffer.AbstractByteBuf.writeBytes(AbstractByteBuf.java:871)
     [java] 	at io.netty.channel.socket.nio.NioSocketChannel.doReadBytes(NioSocketChannel.java:208)
     [java] 	at io.netty.channel.nio.AbstractNioByteChannel$NioByteUnsafe.read(AbstractNioByteChannel.java:124)
     [java] 	at io.netty.channel.nio.NioEventLoop.processSelectedKey(NioEventLoop.java:485)
     [java] 	at io.netty.channel.nio.NioEventLoop.processSelectedKeysOptimized(NioEventLoop.java:452)
     [java] 	at io.netty.channel.nio.NioEventLoop.run(NioEventLoop.java:346)
     [java] 	at io.netty.util.concurrent.SingleThreadEventExecutor$2.run(SingleThreadEventExecutor.java:101)
     [java] 	at java.lang.Thread.run(Thread.java:744)
     [java] [nioEventLoopGroup-8-5] ERROR management - Unexpected exception from downstream.
     [java] java.io.IOException: An existing connection was forcibly closed by the remote host
     [java] 	at sun.nio.ch.SocketDispatcher.read0(Native Method)
     [java] 	at sun.nio.ch.SocketDispatcher.read(SocketDispatcher.java:43)
     [java] 	at sun.nio.ch.IOUtil.readIntoNativeBuffer(IOUtil.java:223)
     [java] 	at sun.nio.ch.IOUtil.read(IOUtil.java:192)
     [java] 	at sun.nio.ch.SocketChannelImpl.read(SocketChannelImpl.java:379)
     [java] 	at io.netty.buffer.UnpooledUnsafeDirectByteBuf.setBytes(UnpooledUnsafeDirectByteBuf.java:446)
     [java] 	at io.netty.buffer.AbstractByteBuf.writeBytes(AbstractByteBuf.java:871)
     [java] 	at io.netty.channel.socket.nio.NioSocketChannel.doReadBytes(NioSocketChannel.java:208)
     [java] 	at io.netty.channel.nio.AbstractNioByteChannel$NioByteUnsafe.read(AbstractNioByteChannel.java:124)
     [java] 	at io.netty.channel.nio.NioEventLoop.processSelectedKey(NioEventLoop.java:485)
     [java] 	at io.netty.channel.nio.NioEventLoop.processSelectedKeysOptimized(NioEventLoop.java:452)
     [java] 	at io.netty.channel.nio.NioEventLoop.run(NioEventLoop.java:346)
     [java] 	at io.netty.util.concurrent.SingleThreadEventExecutor$2.run(SingleThreadEventExecutor.java:101)
     [java] 	at java.lang.Thread.run(Thread.java:744)
     [java] [nioEventLoopGroup-8-1] WARN management - HB outgoing channel closing for node 'mgmt-3.6' at 127.0.0.1
     [java] [nioEventLoopGroup-8-5] ERROR management - management channel inactive
     [java] [nioEventLoopGroup-8-1] ERROR management - management channel inactive
     [java] [Thread-1] INFO management - attempting to connect to node: localhost:5671
     [java] [nioEventLoopGroup-4-1] INFO management - Received HB response from 2
     [java] [Thread-0] INFO management - sending heartbeat
     [java] [Thread-1] INFO management - attempting to connect to node: localhost:5670
     [java] [Thread-1] INFO management - attempting to connect to node: localhost:5671
     [java] [nioEventLoopGroup-14-1] ERROR management - Unexpected exception from downstream.
     [java] java.io.IOException: An existing connection was forcibly closed by the remote host
     [java] 	at sun.nio.ch.SocketDispatcher.read0(Native Method)
     [java] 	at sun.nio.ch.SocketDispatcher.read(SocketDispatcher.java:43)
     [java] 	at sun.nio.ch.IOUtil.readIntoNativeBuffer(IOUtil.java:223)
     [java] 	at sun.nio.ch.IOUtil.read(IOUtil.java:192)
     [java] 	at sun.nio.ch.SocketChannelImpl.read(SocketChannelImpl.java:379)
     [java] 	at io.netty.buffer.UnpooledUnsafeDirectByteBuf.setBytes(UnpooledUnsafeDirectByteBuf.java:446)
     [java] 	at io.netty.buffer.AbstractByteBuf.writeBytes(AbstractByteBuf.java:871)
     [java] 	at io.netty.channel.socket.nio.NioSocketChannel.doReadBytes(NioSocketChannel.java:208)
     [java] 	at io.netty.channel.nio.AbstractNioByteChannel$NioByteUnsafe.read(AbstractNioByteChannel.java:124)
     [java] 	at io.netty.channel.nio.NioEventLoop.processSelectedKey(NioEventLoop.java:485)
     [java] 	at io.netty.channel.nio.NioEventLoop.processSelectedKeysOptimized(NioEventLoop.java:452)
     [java] 	at io.netty.channel.nio.NioEventLoop.run(NioEventLoop.java:346)
     [java] 	at io.netty.util.concurrent.SingleThreadEventExecutor$2.run(SingleThreadEventExecutor.java:101)
     [java] 	at java.lang.Thread.run(Thread.java:744)
     [java] [nioEventLoopGroup-14-1] ERROR management - management channel inactive
     [java] [nioEventLoopGroup-8-6] ERROR management - Unexpected exception from downstream.
     [java] java.io.IOException: An existing connection was forcibly closed by the remote host
     [java] 	at sun.nio.ch.SocketDispatcher.read0(Native Method)
     [java] 	at sun.nio.ch.SocketDispatcher.read(SocketDispatcher.java:43)
     [java] 	at sun.nio.ch.IOUtil.readIntoNativeBuffer(IOUtil.java:223)
     [java] 	at sun.nio.ch.IOUtil.read(IOUtil.java:192)
     [java] 	at sun.nio.ch.SocketChannelImpl.read(SocketChannelImpl.java:379)
     [java] 	at io.netty.buffer.UnpooledUnsafeDirectByteBuf.setBytes(UnpooledUnsafeDirectByteBuf.java:446)
     [java] 	at io.netty.buffer.AbstractByteBuf.writeBytes(AbstractByteBuf.java:871)
     [java] 	at io.netty.channel.socket.nio.NioSocketChannel.doReadBytes(NioSocketChannel.java:208)
     [java] 	at io.netty.channel.nio.AbstractNioByteChannel$NioByteUnsafe.read(AbstractNioByteChannel.java:124)
     [java] 	at io.netty.channel.nio.NioEventLoop.processSelectedKey(NioEventLoop.java:485)
     [java] 	at io.netty.channel.nio.NioEventLoop.processSelectedKeysOptimized(NioEventLoop.java:452)
     [java] 	at io.netty.channel.nio.NioEventLoop.run(NioEventLoop.java:346)
     [java] 	at io.netty.util.concurrent.SingleThreadEventExecutor$2.run(SingleThreadEventExecutor.java:101)
     [java] 	at java.lang.Thread.run(Thread.java:744)
     [java] [nioEventLoopGroup-8-6] ERROR management - management channel inactive
     [java] [nioEventLoopGroup-11-1] ERROR management - Unexpected exception from downstream.
     [java] [nioEventLoopGroup-8-2] ERROR management - Unexpected exception from downstream.
     [java] java.io.IOException: An existing connection was forcibly closed by the remote host
     [java] 	at sun.nio.ch.SocketDispatcher.read0(Native Method)
     [java] 	at sun.nio.ch.SocketDispatcher.read(SocketDispatcher.java:43)
     [java] 	at sun.nio.ch.IOUtil.readIntoNativeBuffer(IOUtil.java:223)
     [java] 	at sun.nio.ch.IOUtil.read(IOUtil.java:192)
     [java] 	at sun.nio.ch.SocketChannelImpl.read(SocketChannelImpl.java:379)
     [java] 	at io.netty.buffer.UnpooledUnsafeDirectByteBuf.setBytes(UnpooledUnsafeDirectByteBuf.java:446)
     [java] 	at io.netty.buffer.AbstractByteBuf.writeBytes(AbstractByteBuf.java:871)
     [java] 	at io.netty.channel.socket.nio.NioSocketChannel.doReadBytes(NioSocketChannel.java:208)
     [java] 	at io.netty.channel.nio.AbstractNioByteChannel$NioByteUnsafe.read(AbstractNioByteChannel.java:124)
     [java] 	at io.netty.channel.nio.NioEventLoop.processSelectedKey(NioEventLoop.java:485)
     [java] 	at io.netty.channel.nio.NioEventLoop.processSelectedKeysOptimized(NioEventLoop.java:452)
     [java] 	at io.netty.channel.nio.NioEventLoop.run(NioEventLoop.java:346)
     [java] 	at io.netty.util.concurrent.SingleThreadEventExecutor$2.run(SingleThreadEventExecutor.java:101)
     [java] 	at java.lang.Thread.run(Thread.java:744)
     [java] [nioEventLoopGroup-11-1] ERROR management - management channel inactive
     [java] [nioEventLoopGroup-4-1] ERROR mgmt - Unexpected exception from downstream.
     [java] java.io.IOException: An existing connection was forcibly closed by the remote host
     [java] 	at sun.nio.ch.SocketDispatcher.read0(Native Method)
     [java] 	at sun.nio.ch.SocketDispatcher.read(SocketDispatcher.java:43)
     [java] 	at sun.nio.ch.IOUtil.readIntoNativeBuffer(IOUtil.java:223)
     [java] 	at sun.nio.ch.IOUtil.read(IOUtil.java:192)
     [java] 	at sun.nio.ch.SocketChannelImpl.read(SocketChannelImpl.java:379)
     [java] 	at io.netty.buffer.UnpooledUnsafeDirectByteBuf.setBytes(UnpooledUnsafeDirectByteBuf.java:446)
     [java] 	at io.netty.buffer.AbstractByteBuf.writeBytes(AbstractByteBuf.java:871)
     [java] 	at io.netty.channel.socket.nio.NioSocketChannel.doReadBytes(NioSocketChannel.java:208)
     [java] 	at io.netty.channel.nio.AbstractNioByteChannel$NioByteUnsafe.read(AbstractNioByteChannel.java:124)
     [java] 	at io.netty.channel.nio.NioEventLoop.processSelectedKey(NioEventLoop.java:485)
     [java] 	at io.netty.channel.nio.NioEventLoop.processSelectedKeysOptimized(NioEventLoop.java:452)
     [java] 	at io.netty.channel.nio.NioEventLoop.run(NioEventLoop.java:346)
     [java] 	at io.netty.util.concurrent.SingleThreadEventExecutor$2.run(SingleThreadEventExecutor.java:101)
     [java] 	at java.lang.Thread.run(Thread.java:744)
     [java] java.io.IOException: An existing connection was forcibly closed by the remote host
     [java] 	at sun.nio.ch.SocketDispatcher.read0(Native Method)
     [java] 	at sun.nio.ch.SocketDispatcher.read(SocketDispatcher.java:43)
     [java] 	at sun.nio.ch.IOUtil.readIntoNativeBuffer(IOUtil.java:223)
     [java] 	at sun.nio.ch.IOUtil.read(IOUtil.java:192)
     [java] 	at sun.nio.ch.SocketChannelImpl.read(SocketChannelImpl.java:379)
     [java] 	at io.netty.buffer.UnpooledUnsafeDirectByteBuf.setBytes(UnpooledUnsafeDirectByteBuf.java:446)
     [java] 	at io.netty.buffer.AbstractByteBuf.writeBytes(AbstractByteBuf.java:871)
     [java] 	at io.netty.channel.socket.nio.NioSocketChannel.doReadBytes(NioSocketChannel.java:208)
     [java] 	at io.netty.channel.nio.AbstractNioByteChannel$NioByteUnsafe.read(AbstractNioByteChannel.java:124)
     [java] 	at io.netty.channel.nio.NioEventLoop.processSelectedKey(NioEventLoop.java:485)
     [java] 	at io.netty.channel.nio.NioEventLoop.processSelectedKeysOptimized(NioEventLoop.java:452)
     [java] 	at io.netty.channel.nio.NioEventLoop.run(NioEventLoop.java:346)
     [java] 	at io.netty.util.concurrent.SingleThreadEventExecutor$2.run(SingleThreadEventExecutor.java:101)
     [java] 	at java.lang.Thread.run(Thread.java:744)
     [java] [nioEventLoopGroup-8-2] WARN management - HB outgoing channel closing for node 'mgmt-3.6' at 127.0.0.1
     [java] [nioEventLoopGroup-4-1] WARN mgmt - HeartMonitor releasing resources
     [java] [nioEventLoopGroup-4-1] ERROR mgmt - monitor channel inactive
     [java] [nioEventLoopGroup-8-2] ERROR management - management channel inactive
     [java] [Thread-1] INFO management - attempting to connect to node: localhost:5672
     [java] [Thread-1] INFO management - attempting to connect to node: localhost:5670
     [java] [Thread-1] INFO management - attempting to connect to node: localhost:5671
     [java] [Thread-1] INFO management - attempting to connect to node: localhost:5672
     [java] [Thread-1] INFO management - attempting to connect to node: localhost:5670
     [java] [Thread-1] INFO management - attempting to connect to node: localhost:5671
     [java] [Thread-1] INFO management - attempting to connect to node: localhost:5672
Terminate batch job (Y/N)? 
